
USER = jkaczmarski
PID = 11992
Date 2021-01-13 Time 08:59:06 AEDT +1100 (1610488746.79 s)

-------------------------------------------------------------------------------
phenix.ensemble_refinement
-------------------------------------------------------------------------------


======================== Ensemble refinement parameters =======================

input {
  xray_data {
    file_name = /store/jkaczmarski/PTE_Ensemble_Refine/Campbell2016/008_Rev6_4PBE_fixed/input/008_Rev6_4PBE_fixed_refine_2.mtz
    labels = None
    high_resolution = None
    low_resolution = None
    outliers_rejection = True
    french_wilson_scale = True
    french_wilson {
      max_bins = 60
      min_bin_size = 40
    }
    sigma_fobs_rejection_criterion = None
    sigma_iobs_rejection_criterion = None
    ignore_all_zeros = True
    force_anomalous_flag_to_be_equal_to = None
    convert_to_non_anomalous_if_ratio_pairs_lone_less_than_threshold = 0.5
    r_free_flags {
      file_name = None
      label = None
      test_flag_value = None
      ignore_r_free_flags = False
      disable_suitability_test = False
      ignore_pdb_hexdigest = False
      generate = False
      fraction = 0.1
      max_free = 2000
      lattice_symmetry_max_delta = 5
      use_lattice_symmetry = True
      use_dataman_shells = False
      n_shells = 20
    }
  }
  experimental_phases {
    file_name = None
    labels = None
  }
  pdb {
    file_name = /store/jkaczmarski/PTE_Ensemble_Refine/Campbell2016/008_Rev6_4PBE_fixed/input/008_Rev6_4PBE_fixed_refine_2.pdb
  }
  monomers {
    file_name = /store/jkaczmarski/PTE_Ensemble_Refine/Campbell2016/008_Rev6_4PBE_fixed/input/4pbe.ligands.cif
  }
  maps {
    map_file_name = None
    d_min = None
    map_coefficients_file_name = None
    map_coefficients_label = None
  }
  sequence = None
  scattering_table = wk1995 it1992 *n_gaussian neutron electron
  wavelength = None
  energy = None
  use_experimental_phases = Auto
  twin_law = Auto
}
ensemble_refinement {
  cartesian_dynamics {
    temperature = 300
    number_of_steps = 10
    time_step = 0.0005
    initial_velocities_zero_fraction = 0
    n_print = 100
    verbose = -1
    random_seed = None
    n_collect = 10
    stop_cm_motion = True
    protein_thermostat = True
  }
  update_sigmaa_rfree = 0.001
  ensemble_reduction = True
  verbose = -1
  output_file_prefix = None
  gzip_final_model = True
  random_seed = 2679941
  nproc = 1
  tx = 1.0
  equilibrium_n_tx = 10
  acquisition_block_n_tx = 2
  number_of_acquisition_periods = 10
  pdb_stored_per_block = 50
  wxray_coupled_tbath = True
  wxray_coupled_tbath_offset = 5.0
  wxray = 1.0
  tls_group_selections = None
  ptls = 0.7
  max_ptls_cycles = 25
  isotropic_b_factor_model = False
  pwilson = 0.8
  set_occupancies = False
  target_name = *ml mlhl ls_wunit_k1_fixed ls_wunit_k1
  remove_alt_conf_from_input_pdb = True
  scale_wrt_n_calc_start = False
  output_running_kinetic_energy_in_occupancy_column = False
  ordered_solvent_update = True
  ordered_solvent_update_cycle = 25
  harmonic_restraints {
    selections = resname ZN or resname CAC or resname MPD
    weight = 0.001
    slack = 1.0
  }
  electron_density_maps {
    apply_default_maps = True
    map_coefficients {
      map_type = None
      format = *mtz phs
      mtz_label_amplitudes = None
      mtz_label_phases = None
      fill_missing_f_obs = False
      acentrics_scale = 2.0
      centrics_pre_scale = 1.0
      sharpening = False
      sharpening_b_factor = None
      exclude_free_r_reflections = False
      isotropize = True
      dev {
        complete_set_up_to_d_min = False
        aply_same_incompleteness_to_complete_set_at = randomly low high
      }
    }
  }
  mask {
    use_asu_masks = True
    solvent_radius = 1.11
    shrink_truncation_radius = 0.9
    grid_step_factor = 4.0
    verbose = 1
    mean_shift_for_mask_update = 0.001
    ignore_zero_occupancy_atoms = True
    ignore_hydrogens = False
    n_radial_shells = 1
    radial_shell_width = 1.5
  }
  ensemble_ordered_solvent {
    diff_map_cutoff = 2.5
    e_map_cutoff_keep = 0.5
    e_map_cutoff_find = 0.5
    tolerance = 0.9
    ordered_solvent_map_to_model = True
    output_residue_name = HOH
    output_chain_id = S
    output_atom_name = O
    scattering_type = O
    primary_map_type = mFo-DFmodel
    primary_map_cutoff = 3.0
    secondary_map_type = 2mFo-DFmodel
    secondary_map_cutoff_keep = 1.0
    secondary_map_cutoff_find = 1.0
    h_bond_min_mac = 1.8
    h_bond_min_sol = 1.8
    h_bond_max = 3.2
    new_solvent = *isotropic anisotropic
    b_iso_min = 0.0
    b_iso_max = 100.0
    anisotropy_min = 0.1
    b_iso = None
    occupancy_min = 0.1
    occupancy_max = 1.0
    occupancy = 1.0
    refine_occupancies = False
    add_hydrogens = False
    refilter = True
    temperature = 300
    seed = 5802889
    preserved_solvent_minimum_distance = 7.0
    find_peaks {
      use_sigma_scaled_maps = True
      resolution_factor = 1./4.
      map_next_to_model {
        min_model_peak_dist = 1.8
        max_model_peak_dist = 3.0
        min_peak_peak_dist = 1.8
        use_hydrogens = False
      }
      max_number_of_peaks = None
      peak_search {
        peak_search_level = 1
        max_peaks = 0
        interpolate = True
        min_distance_sym_equiv = None
        general_positions_only = False
        min_cross_distance = 1.8
        min_cubicle_edge = 5
      }
    }
  }
  amber {
    use_amber = False
    topology_file_name = None
    coordinate_file_name = None
    order_file_name = None
    wxc_factor = .2
    restraint_wt = 0.
    restraintmask = ''
    reference_file_name = ''
    bellymask = ''
    qmmask = ''
    qmcharge = 0
    netcdf_trajectory_file_name = ''
    print_amber_energies = False
  }
}
refinement.geometry_restraints.edits {
  excessive_bond_distance_limit = 10
  bond {
    action = *add delete change
    atom_selection_1 = None
    atom_selection_2 = None
    symmetry_operation = None
    distance_ideal = None
    sigma = None
    slack = None
    limit = -1.0
    top_out = False
  }
  angle {
    action = *add delete change
    atom_selection_1 = None
    atom_selection_2 = None
    atom_selection_3 = None
    angle_ideal = None
    sigma = None
  }
  dihedral {
    action = *add delete change
    atom_selection_1 = None
    atom_selection_2 = None
    atom_selection_3 = None
    atom_selection_4 = None
    angle_ideal = None
    alt_angle_ideals = None
    sigma = None
    periodicity = 1
  }
  planarity {
    action = *add delete change
    atom_selection = None
    sigma = None
  }
  parallelity {
    action = *add delete change
    atom_selection_1 = None
    atom_selection_2 = None
    sigma = 0.027
    target_angle_deg = 0
  }
}
gui {
  job_title = None
  output_dir = None
}
extra_restraints_file = None

========================== Model and data statistics ==========================

Data file                               : 008_Rev6_4PBE_fixed_refine_2.mtz
Model file                              : 008_Rev6_4PBE_fixed_refine_2.pdb 


TLS MUST BE IN ATOM RECORDS OF INPUT PDB


PDB file name :  /store/jkaczmarski/PTE_Ensemble_Refine/Campbell2016/008_Rev6_4PBE_fixed/input/008_Rev6_4PBE_fixed_refine_2.pdb

Removing alternative conformations
All occupancies reset to 1.0
New PDB :  /store/jkaczmarski/PTE_Ensemble_Refine/Campbell2016/008_Rev6_4PBE_fixed/input/008_Rev6_4PBE_fixed_refine_2_removed_alt_confs.pdb 

  Monomer Library directory:
    "/opt/phenix-1.16-3549/modules/chem_data/mon_lib"
  Total number of atoms: 10761
  Number of models: 1
  Model: ""
    Number of chains: 6
    Chain: "A"
      Number of atoms: 5096
      Number of conformers: 1
      Conformer: ""
        Number of residues, atoms: 331, 5096
          Classifications: {'peptide': 331}
          Link IDs: {'PTRANS': 13, 'CIS': 1, 'TRANS': 316}
    Chain: "G"
      Number of atoms: 5096
      Number of conformers: 1
      Conformer: ""
        Number of residues, atoms: 331, 5096
          Classifications: {'peptide': 331}
          Link IDs: {'PTRANS': 13, 'TRANS': 317}
    Chain: "A"
      Number of atoms: 13
      Number of conformers: 1
      Conformer: ""
        Number of residues, atoms: 3, 13
          Unusual residues: {'CAC': 1, ' ZN': 2}
          Classifications: {'undetermined': 3}
          Link IDs: {None: 2}
    Chain: "G"
      Number of atoms: 24
      Number of conformers: 1
      Conformer: ""
        Number of residues, atoms: 3, 24
          Unusual residues: {'MPD': 1, ' ZN': 2}
          Classifications: {'undetermined': 3}
          Link IDs: {None: 2}
    Chain: "A"
      Number of atoms: 275
      Number of conformers: 1
      Conformer: ""
        Number of residues, atoms: 275, 275
          Classifications: {'water': 275}
          Link IDs: {None: 274}
    Chain: "G"
      Number of atoms: 257
      Number of conformers: 1
      Conformer: ""
        Number of residues, atoms: 257, 257
          Classifications: {'water': 257}
          Link IDs: {None: 256}
  Time building chain proxies: 1.94, per 1000 atoms: 0.18
  Number of scatterers: 10761
  At special positions: 0
  Unit cell: (85.638, 85.966, 89.188, 90, 90, 90)
  Space group: P 21 21 2 (No. 18)
  Number of sites at special positions: 0
  Number of scattering types: 7
    Type Number    sf(0)
     As      1     32.98
     Zn      4     29.99
     S      20     16.00
     O    1478      8.00
     N     910      7.00
     C    3206      6.00
     H    5142      1.00
    sf(0) = scattering factor at diffraction angle 0.

  Number of disulfides: simple=0, symmetry=0
  Custom bonds:
    Warning: Ignoring bond with distance_ideal = None:
      atom_selection_1 = None
      atom_selection_2 = None
    Total number of custom bonds: 0
  Custom angles:
    Warning: Ignoring angle with angle_ideal = None:
      atom_selection_1 = None
      atom_selection_2 = None
      atom_selection_3 = None
    Total number of custom angles: 0
  Custom dihedrals:
    Warning: Ignoring dihedral with angle_ideal = None:
      atom_selection_1 = None
      atom_selection_2 = None
      atom_selection_3 = None
      atom_selection_4 = None
    Total number of custom dihedrals: 0
  Custom planarities:
    Warning: Ignoring planarity with with sigma <= 0:
      atom_selection = None
None
    Total number of custom planarities: 0
  Custom parallelities:
Warning: Ignoring parallelity with empty atom selection.
    Total number of custom parallelities: 0
  Custom bonds:
    Warning: Ignoring bond with distance_ideal = None:
      atom_selection_1 = None
      atom_selection_2 = None
    Total number of custom bonds: 0
  Custom angles:
    Warning: Ignoring angle with angle_ideal = None:
      atom_selection_1 = None
      atom_selection_2 = None
      atom_selection_3 = None
    Total number of custom angles: 0
  Custom dihedrals:
    Warning: Ignoring dihedral with angle_ideal = None:
      atom_selection_1 = None
      atom_selection_2 = None
      atom_selection_3 = None
      atom_selection_4 = None
    Total number of custom dihedrals: 0
  Custom planarities:
    Warning: Ignoring planarity with with sigma <= 0:
      atom_selection = None
None
    Total number of custom planarities: 0
  Custom parallelities:
Warning: Ignoring parallelity with empty atom selection.
    Total number of custom parallelities: 0

  Automatic linking
    Parameters for automatic linking
      Linking & cutoffs
        Metal                : False - 3.50
        Amimo acid           : False - 1.90
        Carbohydrate         : True  - 1.99
        Ligands              : True  - 1.99
        Small molecules      : False - 1.98
        Amino acid - RNA/DNA : False
      
  Number of custom bonds: simple=0, symmetry=0
  Time building additional restraints: 3.38
  Conformation dependent library (CDL) restraints added in 327.8 milliseconds
  
  Adding C-beta torsion restraints...
  Number of C-beta restraints generated:  1208

  Time building geometry restraints manager: 3.67 seconds

  NOTE: a complete listing of the restraints can be obtained by requesting
        output of .geo file.

  Histogram of bond lengths:
        0.84 -     1.06: 5136
        1.06 -     1.29: 842
        1.29 -     1.51: 2338
        1.51 -     1.74: 1961
        1.74 -     1.96: 38
  Bond restraints: 10315
  Sorted by residual:
  bond pdb=" O1  CAC A2403 "
       pdb="AS   CAC A2403 "
    ideal  model  delta    sigma   weight residual
    1.600  1.745 -0.145 2.00e-02 2.50e+03 5.27e+01
  bond pdb=" CA  ILE A 328 "
       pdb=" CB  ILE A 328 "
    ideal  model  delta    sigma   weight residual
    1.539  1.572 -0.033 5.40e-03 3.43e+04 3.67e+01
  bond pdb=" CA  ILE G 255 "
       pdb=" CB  ILE G 255 "
    ideal  model  delta    sigma   weight residual
    1.537  1.559 -0.022 5.00e-03 4.00e+04 1.96e+01
  bond pdb=" C2  MPD G2403 "
       pdb=" O2  MPD G2403 "
    ideal  model  delta    sigma   weight residual
    1.401  1.473 -0.072 2.00e-02 2.50e+03 1.28e+01
  bond pdb=" CA  ILE A 333 "
       pdb=" C   ILE A 333 "
    ideal  model  delta    sigma   weight residual
    1.523  1.553 -0.030 9.20e-03 1.18e+04 1.05e+01
  ... (remaining 10310 not shown)

  Histogram of bond angle deviations from ideal:
       98.14 -   105.31: 113
      105.31 -   112.48: 11902
      112.48 -   119.64: 2591
      119.64 -   126.81: 3969
      126.81 -   133.97: 57
  Bond angle restraints: 18632
  Sorted by residual:
  angle pdb=" C   ILE G 255 "
        pdb=" N   PRO G 256 "
        pdb=" CA  PRO G 256 "
      ideal   model   delta    sigma   weight residual
     120.45  114.95    5.50 1.11e+00 8.12e-01 2.46e+01
  angle pdb=" N   VAL G 351 "
        pdb=" CA  VAL G 351 "
        pdb=" C   VAL G 351 "
      ideal   model   delta    sigma   weight residual
     111.62  115.40   -3.78 7.90e-01 1.60e+00 2.29e+01
  angle pdb=" C   ILE G 255 "
        pdb=" CA  ILE G 255 "
        pdb=" CB  ILE G 255 "
      ideal   model   delta    sigma   weight residual
     113.70  109.23    4.47 9.50e-01 1.11e+00 2.21e+01
  angle pdb=" C   SER G 222 "
        pdb=" N   PRO G 223 "
        pdb=" CA  PRO G 223 "
      ideal   model   delta    sigma   weight residual
     119.28  124.20   -4.92 1.10e+00 8.26e-01 2.00e+01
  angle pdb=" C   GLU A 159 "
        pdb=" CA  GLU A 159 "
        pdb=" CB  GLU A 159 "
      ideal   model   delta    sigma   weight residual
     116.54  111.58    4.96 1.15e+00 7.56e-01 1.86e+01
  ... (remaining 18627 not shown)

  Histogram of dihedral angle deviations from ideal:
        0.00 -    36.00: 4061
       36.00 -    71.99: 54
       71.99 -   107.99: 3
      107.99 -   143.98: 2
      143.98 -   179.98: 9
  Dihedral angle restraints: 4129
    sinusoidal: 1981
      harmonic: 2148
  Sorted by residual:
  dihedral pdb=" CD  ARG G  89 "
           pdb=" NE  ARG G  89 "
           pdb=" CZ  ARG G  89 "
           pdb=" NH1 ARG G  89 "
      ideal   model   delta sinusoidal    sigma   weight residual
       0.00  179.98 -179.98     1      1.00e+01 1.00e-02 1.92e+02
  dihedral pdb=" CD  ARG G 337 "
           pdb=" NE  ARG G 337 "
           pdb=" CZ  ARG G 337 "
           pdb=" NH1 ARG G 337 "
      ideal   model   delta sinusoidal    sigma   weight residual
       0.00  179.79 -179.79     1      1.00e+01 1.00e-02 1.92e+02
  dihedral pdb=" CD  ARG A  89 "
           pdb=" NE  ARG A  89 "
           pdb=" CZ  ARG A  89 "
           pdb=" NH1 ARG A  89 "
      ideal   model   delta sinusoidal    sigma   weight residual
       0.00 -179.76  179.76     1      1.00e+01 1.00e-02 1.92e+02
  ... (remaining 4126 not shown)

  Histogram of chiral volume deviations from ideal:
       0.000 -    0.040: 514
       0.040 -    0.079: 203
       0.079 -    0.119: 77
       0.119 -    0.159: 20
       0.159 -    0.198: 5
  Chirality restraints: 819
  Sorted by residual:
  chirality pdb=" CB  ILE G 215 "
            pdb=" CA  ILE G 215 "
            pdb=" CG1 ILE G 215 "
            pdb=" CG2 ILE G 215 "
    both_signs  ideal   model   delta    sigma   weight residual
      False      2.64    2.45    0.20 2.00e-01 2.50e+01 9.84e-01
  chirality pdb=" CA  ILE G 168 "
            pdb=" N   ILE G 168 "
            pdb=" C   ILE G 168 "
            pdb=" CB  ILE G 168 "
    both_signs  ideal   model   delta    sigma   weight residual
      False      2.43    2.62   -0.18 2.00e-01 2.50e+01 8.53e-01
  chirality pdb=" CB  ILE A 167 "
            pdb=" CA  ILE A 167 "
            pdb=" CG1 ILE A 167 "
            pdb=" CG2 ILE A 167 "
    both_signs  ideal   model   delta    sigma   weight residual
      False      2.64    2.46    0.18 2.00e-01 2.50e+01 8.31e-01
  ... (remaining 816 not shown)

  Planarity restraints: 1536
  Sorted by residual:
                                 delta    sigma   weight rms_deltas residual
  plane pdb=" CB  TYR G 248 "    0.024 2.00e-02 2.50e+03   1.12e-02 3.75e+00
        pdb=" CG  TYR G 248 "   -0.004 2.00e-02 2.50e+03
        pdb=" CD1 TYR G 248 "   -0.010 2.00e-02 2.50e+03
        pdb=" CD2 TYR G 248 "   -0.013 2.00e-02 2.50e+03
        pdb=" CE1 TYR G 248 "   -0.007 2.00e-02 2.50e+03
        pdb=" CE2 TYR G 248 "   -0.004 2.00e-02 2.50e+03
        pdb=" CZ  TYR G 248 "   -0.005 2.00e-02 2.50e+03
        pdb=" OH  TYR G 248 "    0.023 2.00e-02 2.50e+03
        pdb=" HD1 TYR G 248 "   -0.001 2.00e-02 2.50e+03
        pdb=" HD2 TYR G 248 "   -0.001 2.00e-02 2.50e+03
        pdb=" HE1 TYR G 248 "   -0.001 2.00e-02 2.50e+03
        pdb=" HE2 TYR G 248 "   -0.001 2.00e-02 2.50e+03
                                 delta    sigma   weight rms_deltas residual
  plane pdb=" CB  PHE G 179 "   -0.020 2.00e-02 2.50e+03   1.01e-02 3.08e+00
        pdb=" CG  PHE G 179 "    0.027 2.00e-02 2.50e+03
        pdb=" CD1 PHE G 179 "    0.006 2.00e-02 2.50e+03
        pdb=" CD2 PHE G 179 "   -0.001 2.00e-02 2.50e+03
        pdb=" CE1 PHE G 179 "   -0.007 2.00e-02 2.50e+03
        pdb=" CE2 PHE G 179 "    0.001 2.00e-02 2.50e+03
        pdb=" CZ  PHE G 179 "   -0.004 2.00e-02 2.50e+03
        pdb=" HD1 PHE G 179 "    0.002 2.00e-02 2.50e+03
        pdb=" HD2 PHE G 179 "    0.001 2.00e-02 2.50e+03
        pdb=" HE1 PHE G 179 "   -0.001 2.00e-02 2.50e+03
        pdb=" HE2 PHE G 179 "   -0.001 2.00e-02 2.50e+03
        pdb=" HZ  PHE G 179 "   -0.001 2.00e-02 2.50e+03
                                 delta    sigma   weight rms_deltas residual
  plane pdb=" CB  TYR A 248 "    0.025 2.00e-02 2.50e+03   9.95e-03 2.97e+00
        pdb=" CG  TYR A 248 "   -0.017 2.00e-02 2.50e+03
        pdb=" CD1 TYR A 248 "   -0.007 2.00e-02 2.50e+03
        pdb=" CD2 TYR A 248 "   -0.009 2.00e-02 2.50e+03
        pdb=" CE1 TYR A 248 "   -0.003 2.00e-02 2.50e+03
        pdb=" CE2 TYR A 248 "   -0.001 2.00e-02 2.50e+03
        pdb=" CZ  TYR A 248 "    0.001 2.00e-02 2.50e+03
        pdb=" OH  TYR A 248 "    0.012 2.00e-02 2.50e+03
        pdb=" HD1 TYR A 248 "   -0.001 2.00e-02 2.50e+03
        pdb=" HD2 TYR A 248 "   -0.001 2.00e-02 2.50e+03
        pdb=" HE1 TYR A 248 "    0.000 2.00e-02 2.50e+03
        pdb=" HE2 TYR A 248 "    0.000 2.00e-02 2.50e+03
  ... (remaining 1533 not shown)

  Histogram of nonbonded interaction distances:
        1.55 -     2.18: 891
        2.18 -     2.81: 23814
        2.81 -     3.44: 35502
        3.44 -     4.07: 51650
        4.07 -     4.70: 78225
  Nonbonded interactions: 190082
  Sorted by model distance:
  nonbonded pdb=" OD1 ASN A 265 "
            pdb=" HG  SER A 267 "
     model   vdw
     1.554 1.850
  nonbonded pdb="HH22 ARG A 337 "
            pdb=" OE1 GLN A 343 "
     model   vdw
     1.577 1.850
  nonbonded pdb=" HG1 THR G  39 "
            pdb=" O   GLY G  42 "
     model   vdw
     1.628 1.850
  nonbonded pdb=" HG1 THR A  54 "
            pdb=" O   HOH A2624 "
     model   vdw
     1.645 1.850
  nonbonded pdb="HH21 ARG A  67 "
            pdb=" O   HOH A2775 "
     model   vdw
     1.652 1.850
  ... (remaining 190077 not shown)

  NOTE: a complete listing of the restraints can be obtained by requesting
        output of .geo file.
Unit cell                               : (85.638, 85.966, 89.188, 90, 90, 90)
Space group                             : P 21 21 2 (No. 18)
Number of symmetry operators            : 4
Unit cell volume                        : 656598.2151    
                   start: r(all,work,free)=0.2876 0.2864 0.3091 n_refl.: 103651
       re-set all scales: r(all,work,free)=0.2876 0.2864 0.3091 n_refl.: 103651
         remove outliers: r(all,work,free)=0.2874 0.2863 0.3091 n_refl.: 103648
bulk-solvent and scaling: r(all,work,free)=0.1843 0.1827 0.2153 n_refl.: 103648
         remove outliers: r(all,work,free)=0.1842 0.1826 0.2153 n_refl.: 103647
|-----------------------------------------------------------------------------|
| occupancies: max = 1.00   min = 1.00   number of occupancies < 0.1 = 0      |
|-----------------------------------------------------------------------------|
Data statistics
    data_label                          : I-obs 
    high_resolution                     : 1.51  
    low_resolution                      : 39.58  
    completeness_in_range               : 1.00   
    completeness(d_min-inf)             : 1.00   
    completeness(6A-inf)                : 0.99   
    wilson_b                            : 15.0   
    number_of_reflections               : 103647   
    test_set_size                       : 0.0498   
    test_flag_value                     : 0 
    number_of_Fobs_outliers             : 4        
    anomalous_flag                      : False 
Model vs data statistics
    r_work(re-computed)                 : 0.2712 
    r_free(re-computed)                 : 0.3091 
    scale_k1                            : 1.0357 
    bulk_solvent_(k_sol,b_sol)          : 0.00 0.00    
    overall_anisotropic_scale_(b_cart)  : 0.00 0.00 0.00 0.00 0.00 0.00

============================== Simulation length: =============================

Number of time steps per macro cycle    :  10
Tx                                      :  1.0
Number macro cycles per Tx period       :  200.0

Equilibration
    Number Tx periods    :  10
    Number macro cycles  :  2000
    Time (ps)            :  10.0

Acquisition block
    Number Tx periods    :  2
    Number macro cycles  :  400
    Time (ps)            :  2.0

Simulation total
    Number Tx periods    :  30
    Number macro cycles  :  6000
    Time (ps)            :  30.0
    Total = Equilibration + nAcquisition

========================= Setup bulk solvent and scale ========================

|-Running: pre solvent and scale-(resolution: 1.51 - 39.58 A, n_refl.=103647 (all), 4.98  % free)|
|                                                                             |
| r_work= 0.2712 r_free= 0.3091 coordinate error (max.-lik. estimate): 0.04 A |
|                                                                             |
| normalized target function (ml) (work): 5.385435                            |
| target function (ml) not normalized (work): 530384.594965                   |
| target function (ml) not normalized (free): 28290.391236                    |
|-----------------------------------------------------------------------------|
                   start: r(all,work,free)=0.2731 0.2712 0.3091 n_refl.: 103647
       re-set all scales: r(all,work,free)=0.2731 0.2712 0.3091 n_refl.: 103647
bulk-solvent and scaling: r(all,work,free)=0.1837 0.1820 0.2150 n_refl.: 103647
|-Running: post solvent and scale-(resolution: 1.51 - 39.58 A, n_refl.=103647 (all), 4.98  % free)|
|                                                                             |
| r_work= 0.1820 r_free= 0.2152 coordinate error (max.-lik. estimate): 0.16 A |
|                                                                             |
| normalized target function (ml) (work): 5.229033                            |
| target function (ml) not normalized (work): 514981.293774                   |
| target function (ml) not normalized (free): 27619.294159                    |
|-----------------------------------------------------------------------------|
|-----------------------------------------------------------------------------|
| Bin     Resolution   Compl.  No. Refl.    R-factors          Targets        |
|number     range              work test   work   test        work        test|
|  1: 39.5985 -  5.6309 0.99   2055  120 0.1804 0.1824      6.2938      6.3305|
|  2:  5.6309 -  4.4714 1.00   1995   96 0.1617 0.2459      6.2904      6.6096|
|  3:  4.4714 -  3.9068 1.00   1934  116 0.1404 0.1620      6.2728      6.3794|
|  4:  3.9068 -  3.5498 1.00   1947  105 0.1479 0.1854      6.2272       6.444|
|  5:  3.5498 -  3.2955 1.00   1925   98 0.1543 0.1919      6.1299      6.2645|
|  6:  3.2955 -  3.1013 1.00   1918  112 0.1553 0.1991       6.025      6.1791|
|  7:  3.1013 -  2.9460 1.00   1905  106 0.1621 0.2003      5.9481      6.0907|
|  8:  2.9460 -  2.8178 1.00   1920   97 0.1609 0.1799      5.8413      5.9506|
|  9:  2.8178 -  2.7094 1.00   1929   93 0.1600 0.1744      5.7502      5.8392|
| 10:  2.7094 -  2.6159 1.00   1905  107 0.1603 0.1960      5.6767      5.7883|
| 11:  2.6159 -  2.5341 1.00   1889   97 0.1615 0.2049      5.6212      5.7597|
| 12:  2.5341 -  2.4617 1.00   1905  100 0.1581 0.1790      5.5704      5.6658|
| 13:  2.4617 -  2.3969 1.00   1923   84 0.1550 0.1850      5.5326      5.6605|
| 14:  2.3969 -  2.3384 1.00   1882  106 0.1615 0.2193      5.5127      5.6898|
| 15:  2.3384 -  2.2853 1.00   1914   89 0.1626 0.1943      5.4579      5.6332|
| 16:  2.2853 -  2.2366 1.00   1887  119 0.1642 0.1826      5.4608      5.5352|
| 17:  2.2366 -  2.1919 1.00   1887  106 0.1664 0.1888      5.4463      5.5449|
| 18:  2.1919 -  2.1505 1.00   1865  116 0.1792 0.2019      5.4344      5.5777|
| 19:  2.1505 -  2.1121 1.00   1895  104 0.1808 0.2294      5.4137      5.6133|
| 20:  2.1121 -  2.0763 1.00   1897   93 0.1845 0.2231      5.4021      5.5545|
| 21:  2.0763 -  2.0429 1.00   1889  106 0.1907 0.2103       5.366      5.4208|
| 22:  2.0429 -  2.0114 1.00   1885  114 0.1915 0.2399      5.3436       5.585|
| 23:  2.0114 -  1.9818 1.00   1852   95 0.2015 0.2762      5.3106      5.4128|
| 24:  1.9818 -  1.9539 1.00   1921   73 0.2130 0.2322      5.2904      5.3304|
| 25:  1.9539 -  1.9275 1.00   1905   89 0.2081 0.2767      5.2254       5.349|
| 26:  1.9275 -  1.9025 1.00   1834  113 0.2051 0.2305      5.1713      5.3238|
| 27:  1.9025 -  1.8787 1.00   1943   82 0.2147 0.2123      5.1343      5.1975|
| 28:  1.8787 -  1.8561 1.00   1880   95 0.2116 0.2802      5.0943      5.2185|
| 29:  1.8561 -  1.8345 1.00   1878   94 0.2177 0.2092      5.0512      5.1734|
| 30:  1.8345 -  1.8139 1.00   1884   94 0.2151 0.2343      4.9867      5.0783|
| 31:  1.8139 -  1.7942 1.00   1851   97 0.2205 0.3095      4.9811      5.1881|
| 32:  1.7942 -  1.7753 1.00   1938   90 0.2325 0.2629      4.9636      5.0794|
| 33:  1.7753 -  1.7572 1.00   1857   93 0.2224 0.2937      4.9421      5.0761|
| 34:  1.7572 -  1.7398 1.00   1915   79 0.2242 0.2514      4.8807      5.0089|
| 35:  1.7398 -  1.7230 1.00   1848  115 0.2265 0.2341      4.8574      4.8298|
| 36:  1.7230 -  1.7069 1.00   1905  100 0.2331 0.2782      4.8207      4.9126|
| 37:  1.7069 -  1.6914 1.00   1858   86 0.2333 0.2447      4.7917      4.7689|
| 38:  1.6914 -  1.6765 1.00   1887  101 0.2266 0.2693      4.7573      4.8778|
| 39:  1.6765 -  1.6620 1.00   1887   96 0.2352 0.2729       4.747      4.9352|
| 40:  1.6620 -  1.6480 1.00   1845  100 0.2462 0.2719      4.7114      4.8952|
| 41:  1.6480 -  1.6345 1.00   1898  106 0.2521 0.3021      4.7388      4.7716|
| 42:  1.6345 -  1.6214 1.00   1873   85 0.2578 0.2725      4.7027       4.715|
| 43:  1.6214 -  1.6088 1.00   1900   91 0.2525 0.2744      4.6732      4.7366|
| 44:  1.6088 -  1.5965 1.00   1821  117 0.2598 0.3023      4.6772      4.7928|
| 45:  1.5965 -  1.5846 1.00   1901   92 0.2576 0.3505      4.6767      4.8543|
| 46:  1.5846 -  1.5730 1.00   1900   92 0.2637 0.2721      4.6614      4.8154|
| 47:  1.5730 -  1.5618 1.00   1847  107 0.2617 0.2711      4.6108      4.5707|
| 48:  1.5618 -  1.5509 1.00   1895   84 0.2699 0.2997      4.6339      4.6399|
| 49:  1.5509 -  1.5402 1.00   1879   91 0.2699 0.3086      4.5995       4.772|
| 50:  1.5402 -  1.5299 1.00   1836  124 0.2871 0.3320      4.6099      4.6643|
| 51:  1.5299 -  1.5198 1.00   1876  105 0.2830 0.2901      4.6299      4.6747|
| 52:  1.5198 -  1.5100 0.99   1820   92 0.2846 0.3040      4.5884      4.6646|
|-----------------------------------------------------------------------------|

======================= Calculate and fix scale of Ncalc ======================

Fix Ncalc scale          : True
Sum current Ncalc        : 11108523879.646

=== Generating TLS selections from input parameters (not including solvent) ===


No TLS groups supplied - automatic setup

Following chains contain less than 63 atoms (non H/D):
'A' 7
'G' 10
Combining all chains to single TLS group
WARNING: this may not be the optimum tls groupings to use
TLS selections:
chain 'A' or chain 'G' or chain 'A' or chain 'G'

========================= Fit TLS from reference model ========================

Reference model :
                min    max   mean <Bi,j>   iso aniso
   Overall:    7.03 138.58  24.83   4.38     0  5087
   Protein:    7.03 138.58  24.83   4.35     0  5070
   Other:      7.50  43.63  25.16    N/A     0    17
   Chain  A:   7.03 109.47  22.12    N/A     0  2542
   Chain  G:   9.84 138.58  27.53    N/A     0  2545
   Histogram:
       Values      Number of atoms
     7.03 - 20.18      2494
    20.18 - 33.34      1708
    33.34 - 46.49       497
    46.49 - 59.65       180
    59.65 - 72.80        65
    72.80 - 85.96        60
    85.96 - 99.11        45
    99.11 - 112.27       28
   112.27 - 125.42        5
   125.42 - 138.58        5

Fitting cycle :  1
|-----------------------------------------------------------------------------|
|TLS group number 1:                                                          |
|               Origin (x,y,z) =   14.9168   20.6709   22.7370                |
|T11=  0.1693 T22=  0.2318 T33=  0.2558 T12=  0.0250 T13=  0.0085 T23=  0.0167|
|L11=  0.6076 L22=  0.4064 L33=  1.4583 L12=  0.1015 L13=  0.1954 L23=  0.0863|
|S11=  0.0003 S22= -0.0002 S33= -0.0000 S12=  0.1846 S13=  0.0290 S21=  0.0306|
|S23=  0.0707 S31= -0.0388 S32= -0.1257                                       |
|-----------------------------------------------------------------------------|
Number of atoms (non HD)                :  5087
Number of atoms (non HD) used in fit    :  3559
Percentage (non HD) used in fit         : 0.700

Fitting cycle :  2
|-----------------------------------------------------------------------------|
|TLS group number 1:                                                          |
|               Origin (x,y,z) =   15.6398   21.6673   24.0447                |
|T11=  0.1506 T22=  0.1872 T33=  0.1826 T12=  0.0169 T13=  0.0023 T23=  0.0142|
|L11=  0.5079 L22=  0.2550 L33=  0.4252 L12=  0.0188 L13=  0.0448 L23= -0.0214|
|S11=  0.0033 S22=  0.0090 S33= -0.0123 S12=  0.1834 S13=  0.0231 S21=  0.0286|
|S23=  0.0183 S31= -0.0123 S32= -0.0388                                       |
|-----------------------------------------------------------------------------|
Number of atoms (non HD)                :  5087
Number of atoms (non HD) used in fit    :  3559
Percentage (non HD) used in fit         : 0.700

Fitting cycle :  3
|-----------------------------------------------------------------------------|
|TLS group number 1:                                                          |
|               Origin (x,y,z) =   16.1620   21.2837   23.5247                |
|T11=  0.1535 T22=  0.1917 T33=  0.1817 T12=  0.0170 T13=  0.0010 T23=  0.0124|
|L11=  0.4961 L22=  0.2322 L33=  0.3792 L12=  0.0186 L13=  0.0358 L23= -0.0265|
|S11=  0.0040 S22=  0.0095 S33= -0.0135 S12=  0.1911 S13=  0.0164 S21=  0.0240|
|S23=  0.0111 S31= -0.0037 S32= -0.0253                                       |
|-----------------------------------------------------------------------------|
Number of atoms (non HD)                :  5087
Number of atoms (non HD) used in fit    :  3559
Percentage (non HD) used in fit         : 0.700

Fitting cycle :  4
|-----------------------------------------------------------------------------|
|TLS group number 1:                                                          |
|               Origin (x,y,z) =   16.2747   21.1667   23.2844                |
|T11=  0.1540 T22=  0.1936 T33=  0.1818 T12=  0.0170 T13=  0.0007 T23=  0.0119|
|L11=  0.4934 L22=  0.2268 L33=  0.3779 L12=  0.0187 L13=  0.0345 L23= -0.0278|
|S11=  0.0041 S22=  0.0096 S33= -0.0138 S12=  0.1942 S13=  0.0144 S21=  0.0219|
|S23=  0.0095 S31= -0.0013 S32= -0.0224                                       |
|-----------------------------------------------------------------------------|
Number of atoms (non HD)                :  5087
Number of atoms (non HD) used in fit    :  3559
Percentage (non HD) used in fit         : 0.700

Fitting cycle :  5
|-----------------------------------------------------------------------------|
|TLS group number 1:                                                          |
|               Origin (x,y,z) =   16.2803   21.1656   23.2534                |
|T11=  0.1541 T22=  0.1938 T33=  0.1818 T12=  0.0170 T13=  0.0007 T23=  0.0119|
|L11=  0.4933 L22=  0.2260 L33=  0.3777 L12=  0.0186 L13=  0.0342 L23= -0.0281|
|S11=  0.0041 S22=  0.0096 S33= -0.0138 S12=  0.1946 S13=  0.0143 S21=  0.0217|
|S23=  0.0094 S31= -0.0013 S32= -0.0223                                       |
|-----------------------------------------------------------------------------|
Number of atoms (non HD)                :  5087
Number of atoms (non HD) used in fit    :  3559
Percentage (non HD) used in fit         : 0.700

Fitting cycle :  6
|-----------------------------------------------------------------------------|
|TLS group number 1:                                                          |
|               Origin (x,y,z) =   16.2803   21.1656   23.2534                |
|T11=  0.1541 T22=  0.1938 T33=  0.1818 T12=  0.0170 T13=  0.0007 T23=  0.0119|
|L11=  0.4933 L22=  0.2260 L33=  0.3777 L12=  0.0186 L13=  0.0342 L23= -0.0281|
|S11=  0.0041 S22=  0.0096 S33= -0.0138 S12=  0.1946 S13=  0.0143 S21=  0.0217|
|S23=  0.0094 S31= -0.0013 S32= -0.0223                                       |
|-----------------------------------------------------------------------------|
Number of atoms (non HD)                :  5087
Number of atoms (non HD) used in fit    :  3559
Percentage (non HD) used in fit         : 0.700

Final non-solvent b-factor model
                min    max   mean <Bi,j>   iso aniso
   Overall:   12.77  34.99  18.37   0.30     0  5087
   Protein:   12.77  34.99  18.38   0.30     0  5070
   Other:     13.24  18.62  16.01    N/A     0    17
   Chain  A:  12.77  20.39  15.09    N/A     0  2542
   Chain  G:  13.73  34.99  21.64    N/A     0  2545
   Histogram:
       Values      Number of atoms
    12.77 - 14.99      1455
    14.99 - 17.21      1288
    17.21 - 19.43       688
    19.43 - 21.65       462
    21.65 - 23.88       435
    23.88 - 26.10       336
    26.10 - 28.32       219
    28.32 - 30.54       103
    30.54 - 32.76        71
    32.76 - 34.99        30

======================= Add specific harmonic restraints ======================


Add atomic harmonic restraints:
    ZN   10193 2401  ZN A     
    ZN   10194 2402  ZN A     
     C1  10195 2403 CAC A     
     C2  10196 2403 CAC A     
     O1  10197 2403 CAC A     
     O2  10198 2403 CAC A     
    AS   10199 2403 CAC A     
     H11 10200 2403 CAC A     
     H12 10201 2403 CAC A     
     H13 10202 2403 CAC A     
     H21 10203 2403 CAC A     
     H22 10204 2403 CAC A     
     H23 10205 2403 CAC A     
    ZN   10206 2401  ZN G     
    ZN   10207 2402  ZN G     
     C1  10208 2403 MPD G     
     C2  10209 2403 MPD G     
     C3  10210 2403 MPD G     
     C4  10211 2403 MPD G     
     C5  10212 2403 MPD G     
     CM  10213 2403 MPD G     
     O2  10214 2403 MPD G     
     O4  10215 2403 MPD G     
     H11 10216 2403 MPD G     
     H12 10217 2403 MPD G     
     H13 10218 2403 MPD G     
     H31 10219 2403 MPD G     
     H32 10220 2403 MPD G     
     H4  10221 2403 MPD G     
     H51 10222 2403 MPD G     
     H52 10223 2403 MPD G     
     H53 10224 2403 MPD G     
     HM1 10225 2403 MPD G     
     HM2 10226 2403 MPD G     
     HM3 10227 2403 MPD G     
     HO2 10228 2403 MPD G     
     HO4 10229 2403 MPD G     

|-----------------------------------------------------------------------------|


=============================== Start simulation ==============================


________________________________________________________________________________
    MC        Time     |  Current  |  Rolling  |   Total   | Temp |  Grad Wxray 
          (ps)     (%) |   Rw   Rf |   Rw   Rf |   Rw   Rf |  (K) |   X/G       
~    1    0.01    0.02 | 27.0 29.1 | 18.9 22.1 | 27.0 29.1 |  309 |  0.38  2.50
~    2    0.01    0.03 | 27.1 29.1 | 18.9 22.1 | 27.0 29.0 |  378 |  1.12  2.50
~    3    0.01    0.05 | 28.0 29.7 | 18.8 22.1 | 27.0 28.9 |  390 |  1.48  2.50
~    4    0.02    0.07 | 29.2 30.5 | 18.8 22.1 | 27.1 29.0 |  359 |  1.24  2.50
~    5    0.03    0.08 | 30.6 31.5 | 18.7 22.0 | 27.4 29.1 |  349 |  1.21  2.44
~    6    0.03    0.10 | 32.0 32.5 | 18.7 22.0 | 27.7 29.3 |  343 |  1.13  2.39
~    7    0.04    0.12 | 33.3 33.7 | 18.6 21.9 | 28.1 29.5 |  336 |  1.06  2.36
~    8    0.04    0.13 | 34.7 35.0 | 18.6 21.9 | 28.5 29.8 |  332 |  1.06  2.33
~    9    0.04    0.15 | 35.9 36.3 | 18.5 21.8 | 28.9 30.1 |  330 |  1.06  2.31
~   10    0.05    0.17 | 37.0 37.6 | 18.5 21.8 | 29.3 30.4 |  327 |  1.04  2.29
~   11    0.06    0.18 | 38.0 38.6 | 18.4 21.7 | 29.8 30.8 |  324 |  1.04  2.27
~   12    0.06    0.20 | 38.8 39.4 | 18.3 21.6 | 30.2 31.1 |  321 |  1.03  2.26
~   13    0.07    0.22 | 39.5 40.0 | 18.3 21.6 | 30.6 31.5 |  319 |  1.03  2.25
~   14    0.07    0.23 | 40.1 40.6 | 18.2 21.5 | 31.0 31.9 |  318 |  1.03  2.24
~   15    0.07    0.25 | 40.6 41.2 | 18.2 21.5 | 31.3 32.2 |  317 |  1.03  2.23

================================ Update sigmaa ================================

|-----------------------------------------------------------------------------|

~   16    0.08    0.27 | 40.9 41.7 | 18.1 21.4 | 31.6 32.6 |  316 |  1.03  2.23
~   17    0.09    0.28 | 41.2 42.1 | 18.0 21.4 | 31.9 32.9 |  317 |  1.05  2.22

================================ Update sigmaa ================================

|-----------------------------------------------------------------------------|

~   18    0.09    0.30 | 41.4 42.5 | 18.0 21.3 | 32.2 33.2 |  316 |  1.00  2.21
~   19    0.10    0.32 | 41.6 42.7 | 17.9 21.3 | 32.4 33.5 |  315 |  0.99  2.21
~   20    0.10    0.33 | 41.6 42.9 | 17.9 21.2 | 32.6 33.8 |  314 |  1.00  2.20

================================ Update sigmaa ================================

|-----------------------------------------------------------------------------|

~   21    0.10    0.35 | 41.6 43.1 | 17.8 21.2 | 32.8 34.0 |  313 |  1.01  2.20
~   22    0.11    0.37 | 41.6 43.1 | 17.8 21.1 | 32.9 34.2 |  313 |  1.02  2.20
~   23    0.12    0.38 | 41.4 43.1 | 17.7 21.1 | 33.1 34.5 |  313 |  1.01  2.19

================================ Update sigmaa ================================

|-----------------------------------------------------------------------------|

~   24    0.12    0.40 | 41.3 43.0 | 17.7 21.1 | 33.1 34.7 |  313 |  1.01  2.19
~   25    0.12    0.42 | 40.4 42.3 | 17.6 21.0 | 33.1 34.7 |  316 |  1.02  2.18
~   26    0.13    0.43 | 40.3 42.2 | 17.6 21.0 | 33.1 34.8 |  316 |  1.01  2.18
~   27    0.14    0.45 | 40.3 42.1 | 17.6 21.0 | 33.1 34.9 |  316 |  1.03  2.18

================================ Update sigmaa ================================

|-----------------------------------------------------------------------------|

~   28    0.14    0.47 | 40.4 42.2 | 17.5 20.9 | 33.0 34.9 |  315 |  1.02  2.17
~   29    0.14    0.48 | 40.3 42.2 | 17.5 20.9 | 33.0 34.9 |  312 |  1.03  2.17
~   30    0.15    0.50 | 40.2 42.1 | 17.4 20.9 | 32.9 34.9 |  315 |  1.07  2.17
~   31    0.15    0.52 | 40.0 41.9 | 17.4 20.9 | 32.8 34.9 |  316 |  1.06  2.16
~   32    0.16    0.53 | 39.8 41.9 | 17.4 20.9 | 32.8 34.9 |  315 |  1.04  2.16
~   33    0.17    0.55 | 39.7 41.9 | 17.3 20.8 | 32.7 34.8 |  314 |  1.04  2.16

================================ Update sigmaa ================================

|-----------------------------------------------------------------------------|

~   34    0.17    0.57 | 39.6 41.8 | 17.3 20.8 | 32.6 34.8 |  315 |  1.03  2.15
~   35    0.18    0.58 | 39.5 41.7 | 17.3 20.8 | 32.5 34.7 |  316 |  1.02  2.15
~   36    0.18    0.60 | 39.5 41.5 | 17.2 20.8 | 32.4 34.6 |  316 |  1.02  2.15
~   37    0.18    0.62 | 39.5 41.3 | 17.2 20.8 | 32.3 34.6 |  315 |  1.03  2.14
~   38    0.19    0.63 | 39.5 41.3 | 17.2 20.8 | 32.2 34.5 |  316 |  1.05  2.14
~   39    0.20    0.65 | 39.4 41.2 | 17.2 20.7 | 32.1 34.4 |  319 |  1.10  2.14
~   40    0.20    0.67 | 39.3 41.1 | 17.1 20.7 | 31.9 34.3 |  320 |  1.09  2.14

================================ Update sigmaa ================================

|-----------------------------------------------------------------------------|

~   41    0.21    0.68 | 39.1 40.7 | 17.1 20.7 | 31.8 34.2 |  314 |  1.03  2.13
~   42    0.21    0.70 | 39.0 40.3 | 17.1 20.7 | 31.7 34.1 |  316 |  1.05  2.13
~   43    0.21    0.72 | 38.9 40.0 | 17.0 20.7 | 31.6 34.0 |  316 |  1.04  2.13
~   44    0.22    0.73 | 38.7 39.8 | 17.0 20.7 | 31.5 33.9 |  313 |  1.07  2.13
~   45    0.23    0.75 | 38.6 39.6 | 17.0 20.7 | 31.3 33.8 |  314 |  1.08  2.12
~   46    0.23    0.77 | 38.5 39.5 | 17.0 20.6 | 31.2 33.7 |  313 |  1.02  2.12
~   47    0.24    0.78 | 38.4 39.4 | 16.9 20.6 | 31.1 33.6 |  313 |  1.01  2.12

================================ Update sigmaa ================================

|-----------------------------------------------------------------------------|

~   48    0.24    0.80 | 38.3 39.3 | 16.9 20.6 | 30.9 33.4 |  313 |  1.01  2.12
~   49    0.24    0.82 | 38.3 39.4 | 16.9 20.6 | 30.8 33.3 |  313 |  1.03  2.12

________________________________________________________________________________
    MC        Time     |  Current  |  Rolling  |   Total   | Temp |  Grad Wxray 
          (ps)     (%) |   Rw   Rf |   Rw   Rf |   Rw   Rf |  (K) |   X/G       
~   50    0.25    0.83 | 37.9 39.3 | 16.9 20.6 | 30.6 33.2 |  318 |  1.04  2.11
~   51    0.26    0.85 | 37.8 39.4 | 16.8 20.6 | 30.5 33.0 |  316 |  0.99  2.11
~   52    0.26    0.87 | 37.8 39.5 | 16.8 20.5 | 30.3 32.9 |  314 |  0.99  2.11
~   53    0.27    0.88 | 37.7 39.5 | 16.8 20.5 | 30.2 32.7 |  314 |  1.01  2.11
~   54    0.27    0.90 | 37.6 39.5 | 16.8 20.5 | 30.0 32.6 |  313 |  1.01  2.11

================================ Update sigmaa ================================

|-----------------------------------------------------------------------------|

~   55    0.28    0.92 | 37.6 39.4 | 16.8 20.5 | 29.9 32.5 |  314 |  1.04  2.11
~   56    0.28    0.93 | 37.5 39.4 | 16.7 20.5 | 29.7 32.3 |  315 |  1.04  2.10
~   57    0.29    0.95 | 37.4 39.3 | 16.7 20.5 | 29.6 32.2 |  316 |  1.03  2.10
~   58    0.29    0.97 | 37.4 39.3 | 16.7 20.5 | 29.4 32.1 |  317 |  1.04  2.10
~   59    0.29    0.98 | 37.3 39.2 | 16.7 20.5 | 29.3 31.9 |  318 |  1.04  2.10
~   60    0.30    1.00 | 37.2 39.1 | 16.7 20.4 | 29.1 31.8 |  313 |  1.01  2.10
~   61    0.30    1.02 | 37.1 39.0 | 16.7 20.4 | 29.0 31.7 |  314 |  1.04  2.09
~   62    0.31    1.03 | 36.9 38.9 | 16.6 20.4 | 28.8 31.6 |  315 |  1.05  2.09
~   63    0.32    1.05 | 36.9 38.9 | 16.6 20.4 | 28.7 31.5 |  314 |  1.05  2.09

================================ Update sigmaa ================================

|-----------------------------------------------------------------------------|

~   64    0.32    1.07 | 36.8 38.9 | 16.6 20.4 | 28.5 31.3 |  312 |  1.02  2.09
~   65    0.33    1.08 | 36.7 38.8 | 16.6 20.4 | 28.4 31.2 |  313 |  1.04  2.09
~   66    0.33    1.10 | 36.6 38.7 | 16.6 20.4 | 28.2 31.1 |  315 |  1.06  2.09
~   67    0.34    1.12 | 36.6 38.6 | 16.6 20.4 | 28.1 31.0 |  316 |  1.07  2.09
~   68    0.34    1.13 | 36.5 38.5 | 16.5 20.3 | 28.0 30.9 |  313 |  1.01  2.08
~   69    0.35    1.15 | 36.5 38.4 | 16.5 20.3 | 27.8 30.8 |  312 |  1.00  2.08
~   70    0.35    1.17 | 36.4 38.4 | 16.5 20.3 | 27.7 30.6 |  313 |  1.01  2.08

================================ Update sigmaa ================================

|-----------------------------------------------------------------------------|

~   71    0.35    1.18 | 36.4 38.3 | 16.5 20.3 | 27.5 30.5 |  313 |  1.04  2.08
~   72    0.36    1.20 | 36.4 38.3 | 16.5 20.3 | 27.4 30.4 |  312 |  1.04  2.08
~   73    0.36    1.22 | 36.3 38.3 | 16.5 20.3 | 27.3 30.2 |  311 |  1.03  2.08
~   74    0.37    1.23 | 36.3 38.2 | 16.5 20.3 | 27.1 30.1 |  309 |  1.01  2.08
~   75    0.38    1.25 | 35.6 37.6 | 16.4 20.2 | 27.0 29.9 |  314 |  0.97  2.08
~   76    0.38    1.27 | 35.5 37.3 | 16.4 20.2 | 26.8 29.8 |  311 |  0.95  2.08
~   77    0.39    1.28 | 35.5 37.1 | 16.4 20.2 | 26.7 29.7 |  311 |  1.00  2.08

================================ Update sigmaa ================================

|-----------------------------------------------------------------------------|

~   78    0.39    1.30 | 35.4 36.9 | 16.4 20.2 | 26.6 29.5 |  311 |  1.00  2.07
~   79    0.40    1.32 | 35.3 36.8 | 16.4 20.2 | 26.4 29.4 |  310 |  1.01  2.07
~   80    0.40    1.33 | 35.2 36.7 | 16.4 20.2 | 26.3 29.2 |  311 |  1.01  2.07
~   81    0.41    1.35 | 35.1 36.5 | 16.4 20.1 | 26.2 29.1 |  311 |  0.99  2.07
~   82    0.41    1.37 | 35.1 36.3 | 16.3 20.1 | 26.0 28.9 |  310 |  1.00  2.07
~   83    0.42    1.38 | 35.1 36.2 | 16.3 20.1 | 25.9 28.8 |  310 |  1.00  2.07

================================ Update sigmaa ================================

|-----------------------------------------------------------------------------|

~   84    0.42    1.40 | 35.1 36.2 | 16.3 20.1 | 25.8 28.7 |  310 |  1.01  2.07
~   85    0.42    1.42 | 35.1 36.3 | 16.3 20.1 | 25.6 28.5 |  311 |  1.02  2.07
~   86    0.43    1.43 | 35.1 36.2 | 16.3 20.1 | 25.5 28.4 |  311 |  1.03  2.07
~   87    0.43    1.45 | 35.1 36.1 | 16.3 20.0 | 25.4 28.3 |  312 |  1.03  2.07
~   88    0.44    1.47 | 35.0 36.0 | 16.3 20.0 | 25.3 28.2 |  312 |  1.04  2.07
~   89    0.45    1.48 | 34.9 35.8 | 16.3 20.0 | 25.2 28.1 |  313 |  1.04  2.06

================================ Update sigmaa ================================

|-----------------------------------------------------------------------------|

~   90    0.45    1.50 | 34.9 35.8 | 16.3 20.0 | 25.0 27.9 |  313 |  1.02  2.06
~   91    0.46    1.52 | 34.8 35.8 | 16.2 20.0 | 24.9 27.8 |  312 |  0.99  2.06
~   92    0.46    1.53 | 34.8 36.0 | 16.2 19.9 | 24.8 27.7 |  312 |  1.00  2.06
~   93    0.47    1.55 | 34.8 36.0 | 16.2 19.9 | 24.7 27.6 |  316 |  1.08  2.06
~   94    0.47    1.57 | 34.8 36.1 | 16.2 19.9 | 24.6 27.5 |  310 |  1.09  2.06
~   95    0.48    1.58 | 34.8 36.2 | 16.2 19.9 | 24.4 27.4 |  313 |  1.18  2.06
~   96    0.48    1.60 | 34.7 36.4 | 16.2 19.9 | 24.3 27.3 |  309 |  1.10  2.06
~   97    0.48    1.62 | 34.6 36.4 | 16.2 19.9 | 24.2 27.2 |  313 |  1.10  2.06
~   98    0.49    1.63 | 34.5 36.4 | 16.2 19.9 | 24.1 27.1 |  313 |  1.14  2.06

================================ Update sigmaa ================================

|-----------------------------------------------------------------------------|

~   99    0.49    1.65 | 34.3 36.1 | 16.2 19.9 | 24.0 27.0 |  314 |  1.07  2.06

________________________________________________________________________________
    MC        Time     |  Current  |  Rolling  |   Total   | Temp |  Grad Wxray 
          (ps)     (%) |   Rw   Rf |   Rw   Rf |   Rw   Rf |  (K) |   X/G       
~  100    0.50    1.67 | 33.9 35.2 | 16.2 19.9 | 23.9 26.9 |  314 |  1.06  2.06
~  101    0.51    1.68 | 34.0 35.3 | 16.1 19.9 | 23.7 26.8 |  310 |  1.03  2.05
~  102    0.51    1.70 | 34.0 35.4 | 16.1 19.8 | 23.6 26.7 |  310 |  1.02  2.05
~  103    0.52    1.72 | 33.9 35.6 | 16.1 19.8 | 23.5 26.6 |  309 |  1.02  2.05
~  104    0.52    1.73 | 33.8 35.5 | 16.1 19.8 | 23.4 26.5 |  308 |  1.01  2.05
~  105    0.53    1.75 | 33.9 35.6 | 16.1 19.8 | 23.3 26.4 |  307 |  1.02  2.05
~  106    0.53    1.77 | 33.8 35.6 | 16.1 19.8 | 23.2 26.3 |  306 |  1.01  2.05
~  107    0.54    1.78 | 33.7 35.4 | 16.1 19.8 | 23.1 26.2 |  306 |  1.02  2.05

================================ Update sigmaa ================================

|-----------------------------------------------------------------------------|

~  108    0.54    1.80 | 33.6 35.2 | 16.1 19.8 | 23.0 26.1 |  308 |  1.02  2.05
~  109    0.55    1.82 | 33.6 35.2 | 16.1 19.8 | 22.9 26.0 |  308 |  1.01  2.05
~  110    0.55    1.83 | 33.6 35.3 | 16.1 19.8 | 22.8 25.9 |  306 |  1.02  2.05
~  111    0.56    1.85 | 33.6 35.3 | 16.0 19.8 | 22.7 25.8 |  307 |  1.02  2.05
~  112    0.56    1.87 | 33.6 35.4 | 16.0 19.7 | 22.6 25.8 |  308 |  1.01  2.05
~  113    0.57    1.88 | 33.5 35.4 | 16.0 19.7 | 22.5 25.7 |  307 |  1.01  2.05
~  114    0.57    1.90 | 33.5 35.4 | 16.0 19.7 | 22.4 25.6 |  306 |  1.01  2.05
~  115    0.58    1.92 | 33.5 35.4 | 16.0 19.7 | 22.3 25.5 |  308 |  1.02  2.05
~  116    0.58    1.93 | 33.6 35.4 | 16.0 19.7 | 22.2 25.5 |  309 |  1.02  2.05
~  117    0.58    1.95 | 33.6 35.4 | 16.0 19.7 | 22.1 25.4 |  308 |  1.02  2.05
~  118    0.59    1.97 | 33.7 35.4 | 16.0 19.7 | 22.1 25.4 |  309 |  1.02  2.05
~  119    0.59    1.98 | 33.7 35.5 | 16.0 19.7 | 22.0 25.3 |  309 |  1.02  2.05
~  120    0.60    2.00 | 33.8 35.6 | 16.0 19.7 | 21.9 25.2 |  307 |  1.02  2.05
~  121    0.60    2.02 | 33.8 35.6 | 16.0 19.7 | 21.9 25.2 |  309 |  1.03  2.05
~  122    0.61    2.03 | 33.8 35.6 | 16.0 19.7 | 21.8 25.1 |  310 |  1.01  2.04
~  123    0.61    2.05 | 33.9 35.5 | 16.0 19.7 | 21.7 25.1 |  309 |  0.99  2.04
~  124    0.62    2.07 | 34.0 35.6 | 16.0 19.7 | 21.6 25.0 |  308 |  1.00  2.04
~  125    0.62    2.08 | 33.6 34.8 | 16.0 19.7 | 21.6 25.0 |  309 |  1.01  2.04

================================ Update sigmaa ================================

|-----------------------------------------------------------------------------|

~  126    0.63    2.10 | 33.5 34.8 | 15.9 19.7 | 21.5 24.9 |  307 |  0.99  2.04
~  127    0.64    2.12 | 33.5 34.9 | 15.9 19.7 | 21.4 24.8 |  307 |  1.01  2.04
~  128    0.64    2.13 | 33.4 34.8 | 15.9 19.6 | 21.3 24.8 |  308 |  1.01  2.04
~  129    0.65    2.15 | 33.3 34.8 | 15.9 19.6 | 21.3 24.7 |  308 |  1.01  2.04
~  130    0.65    2.17 | 33.3 34.8 | 15.9 19.6 | 21.2 24.7 |  307 |  0.99  2.04
~  131    0.66    2.18 | 33.4 34.6 | 15.9 19.6 | 21.1 24.6 |  307 |  1.00  2.04
~  132    0.66    2.20 | 33.4 34.6 | 15.9 19.6 | 21.1 24.6 |  307 |  1.01  2.04
~  133    0.67    2.22 | 33.4 34.5 | 15.9 19.6 | 21.0 24.5 |  308 |  1.01  2.04
~  134    0.67    2.23 | 33.3 34.4 | 15.9 19.6 | 20.9 24.5 |  309 |  1.03  2.04
~  135    0.68    2.25 | 33.4 34.5 | 15.9 19.6 | 20.9 24.4 |  308 |  1.02  2.04
~  136    0.68    2.27 | 33.4 34.6 | 15.9 19.6 | 20.8 24.4 |  306 |  1.04  2.04
~  137    0.69    2.28 | 33.4 34.8 | 15.9 19.6 | 20.8 24.3 |  309 |  1.06  2.04
~  138    0.69    2.30 | 33.3 34.8 | 15.9 19.6 | 20.7 24.3 |  309 |  1.03  2.04
~  139    0.70    2.32 | 33.3 35.0 | 15.9 19.6 | 20.6 24.2 |  306 |  1.02  2.04
~  140    0.70    2.33 | 33.3 35.0 | 15.9 19.6 | 20.6 24.2 |  307 |  1.04  2.04
~  141    0.70    2.35 | 33.4 35.1 | 15.9 19.6 | 20.5 24.1 |  309 |  1.04  2.04
~  142    0.71    2.37 | 33.5 35.1 | 15.9 19.6 | 20.5 24.1 |  309 |  1.02  2.04
~  143    0.71    2.38 | 33.5 35.2 | 15.8 19.6 | 20.4 24.1 |  308 |  1.02  2.04
~  144    0.72    2.40 | 33.4 35.1 | 15.8 19.6 | 20.4 24.0 |  311 |  1.04  2.04
~  145    0.72    2.42 | 33.3 34.9 | 15.8 19.6 | 20.3 24.0 |  315 |  1.10  2.04
~  146    0.73    2.43 | 33.2 34.7 | 15.8 19.6 | 20.3 23.9 |  312 |  1.03  2.04
~  147    0.73    2.45 | 33.3 34.9 | 15.8 19.6 | 20.2 23.9 |  305 |  1.04  2.03
~  148    0.74    2.47 | 33.5 35.1 | 15.8 19.6 | 20.2 23.8 |  309 |  1.05  2.03
~  149    0.74    2.48 | 33.6 35.4 | 15.8 19.6 | 20.1 23.8 |  307 |  1.00  2.03

________________________________________________________________________________
    MC        Time     |  Current  |  Rolling  |   Total   | Temp |  Grad Wxray 
          (ps)     (%) |   Rw   Rf |   Rw   Rf |   Rw   Rf |  (K) |   X/G       
~  150    0.75    2.50 | 33.3 35.0 | 15.8 19.6 | 20.1 23.7 |  312 |  1.03  2.03
~  151    0.76    2.52 | 33.1 34.9 | 15.8 19.6 | 20.0 23.7 |  310 |  1.01  2.03

================================ Update sigmaa ================================

|-----------------------------------------------------------------------------|

~  152    0.76    2.53 | 33.0 34.7 | 15.8 19.6 | 20.0 23.7 |  309 |  0.97  2.03
~  153    0.77    2.55 | 33.1 34.7 | 15.8 19.6 | 19.9 23.6 |  306 |  0.98  2.03
~  154    0.77    2.57 | 33.1 34.9 | 15.8 19.6 | 19.8 23.6 |  307 |  1.01  2.03
~  155    0.78    2.58 | 33.1 35.0 | 15.8 19.6 | 19.8 23.5 |  307 |  0.99  2.03
~  156    0.78    2.60 | 33.1 35.0 | 15.8 19.6 | 19.7 23.5 |  308 |  1.01  2.03
~  157    0.79    2.62 | 33.0 35.0 | 15.8 19.6 | 19.7 23.4 |  309 |  1.01  2.03
~  158    0.79    2.63 | 33.1 35.1 | 15.8 19.6 | 19.6 23.4 |  307 |  1.00  2.03
~  159    0.80    2.65 | 33.1 35.3 | 15.8 19.6 | 19.6 23.4 |  307 |  1.00  2.03
~  160    0.80    2.67 | 33.1 35.4 | 15.8 19.6 | 19.6 23.3 |  307 |  1.02  2.03
~  161    0.81    2.68 | 33.1 35.3 | 15.8 19.6 | 19.5 23.3 |  308 |  1.02  2.03
~  162    0.81    2.70 | 33.1 35.1 | 15.8 19.6 | 19.5 23.2 |  308 |  1.02  2.03
~  163    0.82    2.72 | 33.1 35.1 | 15.8 19.6 | 19.4 23.2 |  308 |  1.03  2.03
~  164    0.82    2.73 | 33.2 35.1 | 15.8 19.6 | 19.4 23.2 |  308 |  1.01  2.03
~  165    0.83    2.75 | 33.2 35.4 | 15.8 19.6 | 19.3 23.1 |  308 |  0.98  2.03
~  166    0.83    2.77 | 33.2 35.4 | 15.7 19.6 | 19.3 23.1 |  310 |  0.99  2.03
~  167    0.83    2.78 | 33.2 35.5 | 15.7 19.6 | 19.3 23.0 |  310 |  0.99  2.03
~  168    0.84    2.80 | 33.2 35.5 | 15.7 19.6 | 19.2 23.0 |  309 |  1.02  2.03
~  169    0.84    2.82 | 33.3 35.6 | 15.7 19.6 | 19.2 23.0 |  308 |  1.04  2.03
~  170    0.85    2.83 | 33.5 35.7 | 15.7 19.6 | 19.1 23.0 |  308 |  1.01  2.03
~  171    0.85    2.85 | 33.6 35.9 | 15.7 19.6 | 19.1 22.9 |  308 |  1.01  2.03
~  172    0.86    2.87 | 33.7 36.0 | 15.7 19.6 | 19.1 22.9 |  309 |  1.01  2.03
~  173    0.86    2.88 | 33.7 36.1 | 15.7 19.6 | 19.0 22.9 |  309 |  1.01  2.03
~  174    0.87    2.90 | 33.8 36.1 | 15.7 19.6 | 19.0 22.8 |  309 |  1.02  2.03
~  175    0.88    2.92 | 33.4 35.9 | 15.7 19.5 | 19.0 22.8 |  316 |  0.99  2.02
~  176    0.88    2.93 | 33.5 35.9 | 15.7 19.5 | 18.9 22.8 |  310 |  0.96  2.02
~  177    0.89    2.95 | 33.5 36.0 | 15.7 19.5 | 18.9 22.8 |  312 |  1.00  2.02
~  178    0.89    2.97 | 33.4 35.9 | 15.7 19.5 | 18.8 22.7 |  311 |  0.99  2.02
~  179    0.90    2.98 | 33.4 35.8 | 15.7 19.5 | 18.8 22.7 |  311 |  0.98  2.02
~  180    0.90    3.00 | 33.5 35.8 | 15.7 19.5 | 18.8 22.7 |  310 |  0.99  2.02
~  181    0.91    3.02 | 33.6 36.0 | 15.7 19.5 | 18.7 22.6 |  307 |  1.00  2.02
~  182    0.91    3.03 | 33.6 36.1 | 15.7 19.5 | 18.7 22.6 |  308 |  1.00  2.02
~  183    0.92    3.05 | 33.6 35.9 | 15.7 19.5 | 18.6 22.6 |  309 |  1.01  2.02
~  184    0.92    3.07 | 33.6 35.9 | 15.7 19.5 | 18.6 22.5 |  310 |  1.01  2.02
~  185    0.93    3.08 | 33.5 35.8 | 15.7 19.5 | 18.6 22.5 |  311 |  1.02  2.02
~  186    0.93    3.10 | 33.5 35.7 | 15.7 19.5 | 18.5 22.5 |  309 |  0.98  2.02
~  187    0.94    3.12 | 33.6 35.7 | 15.7 19.5 | 18.5 22.4 |  310 |  0.99  2.02
~  188    0.94    3.13 | 33.6 35.5 | 15.7 19.5 | 18.5 22.4 |  307 |  1.01  2.02
~  189    0.95    3.15 | 33.7 35.5 | 15.7 19.5 | 18.4 22.4 |  305 |  1.03  2.02
~  190    0.95    3.17 | 33.7 35.5 | 15.6 19.5 | 18.4 22.4 |  307 |  1.03  2.02
~  191    0.96    3.18 | 33.7 35.7 | 15.6 19.5 | 18.4 22.3 |  309 |  1.02  2.02
~  192    0.96    3.20 | 33.7 36.0 | 15.6 19.5 | 18.3 22.3 |  309 |  1.02  2.02
~  193    0.96    3.22 | 33.8 36.0 | 15.6 19.5 | 18.3 22.3 |  310 |  1.05  2.02
~  194    0.97    3.23 | 33.7 35.8 | 15.6 19.5 | 18.3 22.3 |  313 |  1.08  2.02
~  195    0.97    3.25 | 33.8 35.8 | 15.6 19.5 | 18.2 22.2 |  309 |  1.01  2.02
~  196    0.98    3.27 | 33.8 35.8 | 15.6 19.5 | 18.2 22.2 |  308 |  1.06  2.02
~  197    0.98    3.28 | 33.8 35.6 | 15.6 19.5 | 18.2 22.2 |  311 |  1.05  2.02
~  198    0.99    3.30 | 33.9 35.6 | 15.6 19.5 | 18.2 22.2 |  307 |  1.00  2.02
~  199    0.99    3.32 | 33.9 35.6 | 15.6 19.5 | 18.1 22.1 |  307 |  1.02  2.02

====================== Update and renormalise Ncalc array =====================

Kn current               : 1.123
Sum current Ncalc        : 11108523879.646
Sum updated Ncalc        : 10119992567.962
Rescaling factor         : 1.098
Rescaling factor alt     : 1.076
|-----------------------------------------------------------------------------|


________________________________________________________________________________
    MC        Time     |  Current  |  Rolling  |   Total   | Temp |  Grad Wxray 
          (ps)     (%) |   Rw   Rf |   Rw   Rf |   Rw   Rf |  (K) |   X/G       
~  200    1.00    3.33 | 33.8 35.1 | 15.6 19.5 | 18.1 22.1 |  314 |  1.03  2.02
~  201    1.01    3.35 | 34.2 35.4 | 15.6 19.5 | 18.1 22.1 |  311 |  1.00  2.02

================================ Update sigmaa ================================

